<?xml version="1.0"?>
<!DOCTYPE coverage SYSTEM "http://cobertura.sourceforge.net/xml/coverage-04.dtd">

<coverage line-rate="0.0" branch-rate="1.0" lines-covered="0" lines-valid="3" branches-covered="0" branches-valid="0" complexity="1.0" version="2.0.3" timestamp="1478083361379">
	<sources>
		<source>/Users/Khaja/Documents/SpotQA/Rest-Assured-Framework/src/main/java</source>
		<source>--source</source>
	</sources>
	<packages>
		<package name="com.spotqa" line-rate="0.0" branch-rate="1.0" complexity="1.0">
			<classes>
				<class name="com.spotqa.App" filename="com/spotqa/App.java" line-rate="0.0" branch-rate="1.0" complexity="1.0">
					<methods>
						<method name="&lt;init&gt;" signature="()V" line-rate="0.0" branch-rate="1.0">
							<lines>
								<line number="6" hits="0" branch="false"/>
							</lines>
						</method>
						<method name="main" signature="([Ljava/lang/String;)V" line-rate="0.0" branch-rate="1.0">
							<lines>
								<line number="8" hits="0" branch="false"/>
								<line number="9" hits="0" branch="false"/>
							</lines>
						</method>
					</methods>
					<lines>
						<line number="6" hits="0" branch="false"/>
						<line number="8" hits="0" branch="false"/>
						<line number="9" hits="0" branch="false"/>
					</lines>
				</class>
			</classes>
		</package>
	</packages>
</coverage>
