<?xml version="1.0" encoding="UTF-8"?>
<testng-results skipped="0" failed="0" total="1" passed="1">
  <reporter-output>
  </reporter-output>
  <suite name="example suite 1" duration-ms="6586" started-at="2016-11-03T15:30:48Z" finished-at="2016-11-03T15:30:55Z">
    <groups>
    </groups>
    <test name="Regression suite 1" duration-ms="6586" started-at="2016-11-03T15:30:48Z" finished-at="2016-11-03T15:30:55Z">
      <class name="khaja.FlickrAddUpdateComment">
        <test-method status="PASS" signature="flickrCommentUpdateSameComment()[pri:0, instance:khaja.FlickrAddUpdateComment@45ca843]" name="flickrCommentUpdateSameComment" duration-ms="6569" started-at="2016-11-03T21:00:48Z" finished-at="2016-11-03T21:00:55Z">
          <reporter-output>
          </reporter-output>
        </test-method> <!-- flickrCommentUpdateSameComment -->
      </class> <!-- khaja.FlickrAddUpdateComment -->
    </test> <!-- Regression suite 1 -->
  </suite> <!-- example suite 1 -->
</testng-results>
